2023-07-20 05:14:50,464 - ERROR - Error occurred while generating description for the video title 'Justin Bieber – Despacito \U0001f3a4 ft. Luis Fonsi & Daddy Yankee [Pop]': The server is overloaded or not ready yet.
2023-07-20 05:15:25,893 - ERROR - HTTP Error for PUT to https://api.spotify.com/v1/playlists/0Lg0JqXMZqI3pUj0HP22f6/images with Params: {} returned 409 due to None
2023-07-20 05:15:25,893 - ERROR - Error occurred while uploading playlist image for the video title 'Lil Uzi Vert - Do What I Want': http status: 409, code:-1 - https://api.spotify.com/v1/playlists/0Lg0JqXMZqI3pUj0HP22f6/images:
 None, reason: None
2023-07-20 05:16:41,778 - WARNING - Retrying (Retry(total=2, connect=None, read=False, redirect=None, status=3)) after connection broken by 'SSLError(SSLEOFError(8, 'EOF occurred in violation of protocol (_ssl.c:2426)'))': /v1/playlists/6Oe9kvNlzhYyzlOAM8jncO/images
2023-07-20 05:16:42,684 - WARNING - Retrying (Retry(total=1, connect=None, read=False, redirect=None, status=3)) after connection broken by 'SSLError(SSLEOFError(8, 'EOF occurred in violation of protocol (_ssl.c:2426)'))': /v1/playlists/6Oe9kvNlzhYyzlOAM8jncO/images
2023-07-20 05:16:44,162 - WARNING - Retrying (Retry(total=0, connect=None, read=False, redirect=None, status=3)) after connection broken by 'SSLError(SSLEOFError(8, 'EOF occurred in violation of protocol (_ssl.c:2426)'))': /v1/playlists/6Oe9kvNlzhYyzlOAM8jncO/images
2023-07-20 05:16:44,423 - ERROR - Error occurred while creating playlist for the video title 'Mac Miller ft. Kendrick Lamar & Iman Omari - Fight The Feeling': HTTPSConnectionPool(host='api.spotify.com', port=443): Max retries exceeded with url: /v1/playlists/6Oe9kvNlzhYyzlOAM8jncO/images (Caused by SSLError(SSLEOFError(8, 'EOF occurred in violation of protocol (_ssl.c:2426)')))
2023-07-20 05:18:47,867 - ERROR - HTTP Error for PUT to https://api.spotify.com/v1/playlists/0MRmrguddnRDpcFwOK2l6t/images with Params: {} returned 413 due to None
2023-07-20 05:18:47,867 - ERROR - Error occurred while uploading playlist image for the video title '"Libera Me From Hell" with subs': http status: 413, code:-1 - https://api.spotify.com/v1/playlists/0MRmrguddnRDpcFwOK2l6t/images:
 None, reason: None
2023-07-20 05:21:34,744 - ERROR - Error occurred while generating description for the video title '[AMV] SUPER RISER! \u300cDo You Remember Love?\u300d': The server is overloaded or not ready yet.
2023-07-20 05:23:37,002 - ERROR - Error occurred while generating description for the video title 'The Most Insane Ski Run Ever Imagined - Markus Eder's The Ultimate Run': The server is overloaded or not ready yet.
2023-07-20 05:24:04,949 - ERROR - HTTP Error for GET to https://api.spotify.com/v1/search with Params: {'q': 'The title mentions the instrument "Chopstick Piano," which refers to a unique style of playing the piano using chopsticks instead of fingers. Therefore, the title does not specify a particular artist or genre, but rather, it describes a unique way of playing the piano.', 'limit': 5, 'offset': 0, 'type': 'track', 'market': None} returned 400 due to Bad request.
2023-07-20 05:24:04,950 - ERROR - Error occurred while creating playlist for the video title 'What Does a Chopstick Piano Sound Like? \U0001f3b9': http status: 400, code:-1 - https://api.spotify.com/v1/search?q=The+title+mentions+the+instrument+%22Chopstick+Piano%2C%22+which+refers+to+a+unique+style+of+playing+the+piano+using+chopsticks+instead+of+fingers.+Therefore%2C+the+title+does+not+specify+a+particular+artist+or+genre%2C+but+rather%2C+it+describes+a+unique+way+of+playing+the+piano.&limit=5&offset=0&type=track:
 Bad request., reason: None
2023-07-20 05:24:28,099 - ERROR - HTTP Error for PUT to https://api.spotify.com/v1/playlists/5qc388Hwzp87fNPuLaRsah/images with Params: {} returned 409 due to None
2023-07-20 05:24:28,099 - ERROR - Error occurred while uploading playlist image for the video title 'J. Cole - Too Deep For The Intro | Friday Night Lights': http status: 409, code:-1 - https://api.spotify.com/v1/playlists/5qc388Hwzp87fNPuLaRsah/images:
 None, reason: None
2023-07-20 05:24:53,964 - ERROR - HTTP Error for PUT to https://api.spotify.com/v1/playlists/1Kx1qoPLPIuvzNmYSOEDCP/images with Params: {} returned 413 due to None
2023-07-20 05:24:53,964 - ERROR - Error occurred while uploading playlist image for the video title 'Minecraft: How To Build a Large Oak Wood Survival Starter House': http status: 413, code:-1 - https://api.spotify.com/v1/playlists/1Kx1qoPLPIuvzNmYSOEDCP/images:
 None, reason: None
2023-07-20 05:26:33,949 - ERROR - Error occurred while generating description for the video title 'Burj Khalifa | All the Engineering Secrets of the Mega structure': The server is overloaded or not ready yet.
2023-07-20 05:27:24,945 - ERROR - Error occurred while generating description for the video title 'Adele - Rolling in the Deep (Jamie xx Remix) ft. Childish Gambino': The server is overloaded or not ready yet.
2023-07-20 05:31:55,225 - ERROR - HTTP Error for PUT to https://api.spotify.com/v1/playlists/3okmwSMUBfDTSPOPRBqr6E/images with Params: {} returned 413 due to None
2023-07-20 05:31:55,225 - ERROR - Error occurred while uploading playlist image for the video title 'When Someone Requests a Jimi Hendrix Song': http status: 413, code:-1 - https://api.spotify.com/v1/playlists/3okmwSMUBfDTSPOPRBqr6E/images:
 None, reason: None
2023-07-20 05:32:14,781 - ERROR - HTTP Error for GET to https://api.spotify.com/v1/search with Params: {'q': 'In the title "Tik Tok Hits ~ Tiktok songs playlist that is actually good ~ Chillvibes \U0001f3b5," the mentioned artist would be a collection of various artists and genres that are popular on TikTok. There is no specific artist or genre mentioned in the title.', 'limit': 5, 'offset': 0, 'type': 'track', 'market': None} returned 400 due to Bad request.
2023-07-20 05:32:14,821 - ERROR - Error occurred while creating playlist for the video title 'Tik Tok Hits ~ Tiktok songs playlist that is actually good ~ Chillvibes \U0001f3b5': http status: 400, code:-1 - https://api.spotify.com/v1/search?q=In+the+title+%22Tik+Tok+Hits+~+Tiktok+songs+playlist+that+is+actually+good+~+Chillvibes+%F0%9F%8E%B5%2C%22+the+mentioned+artist+would+be+a+collection+of+various+artists+and+genres+that+are+popular+on+TikTok.+There+is+no+specific+artist+or+genre+mentioned+in+the+title.&limit=5&offset=0&type=track:
 Bad request., reason: None
2023-07-20 05:32:21,176 - ERROR - HTTP Error for PUT to https://api.spotify.com/v1/playlists/541Mqf3dJxRnAS6UHwWwV2/images with Params: {} returned 409 due to None
2023-07-20 05:32:21,176 - ERROR - Error occurred while uploading playlist image for the video title 'PINK GUY - FURR': http status: 409, code:-1 - https://api.spotify.com/v1/playlists/541Mqf3dJxRnAS6UHwWwV2/images:
 None, reason: None
2023-07-20 05:32:41,706 - ERROR - HTTP Error for PUT to https://api.spotify.com/v1/playlists/56BXdBLyyQhsY2QY8wGsiR/images with Params: {} returned 413 due to None
2023-07-20 05:32:41,706 - ERROR - Error occurred while uploading playlist image for the video title 'Paintër \u273d A Palëtte for You': http status: 413, code:-1 - https://api.spotify.com/v1/playlists/56BXdBLyyQhsY2QY8wGsiR/images:
 None, reason: None
2023-07-20 05:33:14,136 - ERROR - HTTP Error for GET to https://api.spotify.com/v1/search with Params: {'q': 'Based on the given title, it appears that the artist or genre mentioned is "ra*led." However, as an AI language model, I am unable to determine the exact artist or genre referred to. It\'s possible that "ra*led" may be an abbreviation, misspelling, or a lesser-known artist or genre.', 'limit': 5, 'offset': 0, 'type': 'track', 'market': None} returned 400 due to Bad request.
2023-07-20 05:33:14,136 - ERROR - Error occurred while creating playlist for the video title 'Songs I'd like to be ra*led to I PLAYLIST': http status: 400, code:-1 - https://api.spotify.com/v1/search?q=Based+on+the+given+title%2C+it+appears+that+the+artist+or+genre+mentioned+is+%22ra%2Aled.%22+However%2C+as+an+AI+language+model%2C+I+am+unable+to+determine+the+exact+artist+or+genre+referred+to.+It%27s+possible+that+%22ra%2Aled%22+may+be+an+abbreviation%2C+misspelling%2C+or+a+lesser-known+artist+or+genre.&limit=5&offset=0&type=track:
 Bad request., reason: None
2023-07-20 05:38:51,239 - ERROR - Error occurred while generating artist or genre for the video title 'Ja-bar - Daze ft. Soulja Boy Tell'em': Bad gateway. {"error":{"code":502,"message":"Bad gateway.","param":null,"type":"cf_bad_gateway"}} 502 {'error': {'code': 502, 'message': 'Bad gateway.', 'param': None, 'type': 'cf_bad_gateway'}} {'Date': 'Thu, 20 Jul 2023 03:38:51 GMT', 'Content-Type': 'application/json', 'Content-Length': '84', 'Connection': 'keep-alive', 'X-Frame-Options': 'SAMEORIGIN', 'Referrer-Policy': 'same-origin', 'Cache-Control': 'private, max-age=0, no-store, no-cache, must-revalidate, post-check=0, pre-check=0', 'Expires': 'Thu, 01 Jan 1970 00:00:01 GMT', 'Server': 'cloudflare', 'CF-RAY': '7e9824dda940be4e-CPH', 'alt-svc': 'h3=":443"; ma=86400'}
2023-07-20 05:41:23,922 - ERROR - Error occurred while generating description for the video title 'Swept Up - Lil Broomstick': The server is overloaded or not ready yet.
2023-07-20 05:41:33,048 - ERROR - HTTP Error for PUT to https://api.spotify.com/v1/playlists/6kb0AWypk1C5YOhxFy78BH/images with Params: {} returned 413 due to None
2023-07-20 05:41:33,048 - ERROR - Error occurred while uploading playlist image for the video title 'Asking Strangers to Throw a Party at their House': http status: 413, code:-1 - https://api.spotify.com/v1/playlists/6kb0AWypk1C5YOhxFy78BH/images:
 None, reason: None
2023-07-20 05:43:38,046 - ERROR - HTTP Error for PUT to https://api.spotify.com/v1/playlists/2VLPtX7fqFWGhNr2FdCSPd/images with Params: {} returned 413 due to None
2023-07-20 05:43:38,046 - ERROR - Error occurred while uploading playlist image for the video title 'Daft Punk Vs. Gorillaz - Feel Technologic Inc': http status: 413, code:-1 - https://api.spotify.com/v1/playlists/2VLPtX7fqFWGhNr2FdCSPd/images:
 None, reason: None
2023-07-20 05:44:32,762 - WARNING - Retrying (Retry(total=2, connect=None, read=False, redirect=None, status=3)) after connection broken by 'SSLError(SSLEOFError(8, 'EOF occurred in violation of protocol (_ssl.c:2426)'))': /v1/playlists/4axdpEwsHlMxkqqkAmcp4M/images
2023-07-20 05:44:33,595 - WARNING - Retrying (Retry(total=1, connect=None, read=False, redirect=None, status=3)) after connection broken by 'SSLError(SSLEOFError(8, 'EOF occurred in violation of protocol (_ssl.c:2426)'))': /v1/playlists/4axdpEwsHlMxkqqkAmcp4M/images
2023-07-20 05:44:35,031 - WARNING - Retrying (Retry(total=0, connect=None, read=False, redirect=None, status=3)) after connection broken by 'SSLError(SSLEOFError(8, 'EOF occurred in violation of protocol (_ssl.c:2426)'))': /v1/playlists/4axdpEwsHlMxkqqkAmcp4M/images
2023-07-20 05:44:35,230 - ERROR - Error occurred while creating playlist for the video title 'Sweet Fat Bottomed Alabama (Queen + Lynyrd Skynyrd) Mashup': HTTPSConnectionPool(host='api.spotify.com', port=443): Max retries exceeded with url: /v1/playlists/4axdpEwsHlMxkqqkAmcp4M/images (Caused by SSLError(SSLEOFError(8, 'EOF occurred in violation of protocol (_ssl.c:2426)')))
2023-07-20 05:44:40,782 - ERROR - HTTP Error for PUT to https://api.spotify.com/v1/playlists/6M1ncpTfHJwf9AwrhMxmqD/images with Params: {} returned 413 due to None
2023-07-20 05:44:40,782 - ERROR - Error occurred while uploading playlist image for the video title 'Nubya Garcia: Tiny Desk (Home) Concert': http status: 413, code:-1 - https://api.spotify.com/v1/playlists/6M1ncpTfHJwf9AwrhMxmqD/images:
 None, reason: None
2023-07-20 05:45:40,537 - ERROR - HTTP Error for PUT to https://api.spotify.com/v1/playlists/3h5sJSlPxkFuwMVoQYYF0Z/images with Params: {} returned 409 due to None
2023-07-20 05:45:40,539 - ERROR - Error occurred while uploading playlist image for the video title 'Monroe Shock Absorbers Gay Commercial': http status: 409, code:-1 - https://api.spotify.com/v1/playlists/3h5sJSlPxkFuwMVoQYYF0Z/images:
 None, reason: None
2023-07-20 05:45:59,715 - ERROR - HTTP Error for PUT to https://api.spotify.com/v1/playlists/3pOgMg2PBttFIjS6vbGXIz/images with Params: {} returned 409 due to None
2023-07-20 05:45:59,715 - ERROR - Error occurred while uploading playlist image for the video title 'Wiz Khalifa - Maan (Man Of The Year Freesytle) [28 Grams]': http status: 409, code:-1 - https://api.spotify.com/v1/playlists/3pOgMg2PBttFIjS6vbGXIz/images:
 None, reason: None
2023-07-20 05:46:34,405 - ERROR - Error occurred while generating description for the video title 'Super Junior K.R.Y. - In My Dream': The server is overloaded or not ready yet.
2023-07-20 05:46:49,600 - ERROR - HTTP Error for PUT to https://api.spotify.com/v1/playlists/7rLs6abpASLSy2dJta7Tru/images with Params: {} returned 413 due to None
2023-07-20 05:46:49,600 - ERROR - Error occurred while uploading playlist image for the video title 'Tyga - G Shit ft Chris Brown': http status: 413, code:-1 - https://api.spotify.com/v1/playlists/7rLs6abpASLSy2dJta7Tru/images:
 None, reason: None
2023-07-20 05:52:40,226 - ERROR - Error occurred while generating description for the video title 'Son A Bluntz - Don't Snooze': Bad gateway. {"error":{"code":502,"message":"Bad gateway.","param":null,"type":"cf_bad_gateway"}} 502 {'error': {'code': 502, 'message': 'Bad gateway.', 'param': None, 'type': 'cf_bad_gateway'}} {'Date': 'Thu, 20 Jul 2023 03:52:40 GMT', 'Content-Type': 'application/json', 'Content-Length': '84', 'Connection': 'keep-alive', 'X-Frame-Options': 'SAMEORIGIN', 'Referrer-Policy': 'same-origin', 'Cache-Control': 'private, max-age=0, no-store, no-cache, must-revalidate, post-check=0, pre-check=0', 'Expires': 'Thu, 01 Jan 1970 00:00:01 GMT', 'Server': 'cloudflare', 'CF-RAY': '7e98391d384abe4e-CPH', 'alt-svc': 'h3=":443"; ma=86400'}
2023-07-20 05:53:20,741 - ERROR - Error occurred while generating description for the video title 'Linkin Park "Given Up" VOCAL COVER': The server is overloaded or not ready yet.
2023-07-20 05:54:51,179 - ERROR - HTTP Error for PUT to https://api.spotify.com/v1/playlists/5rPccwKvG7eR6m5JQpHtHE/images with Params: {} returned 413 due to None
2023-07-20 05:54:51,195 - ERROR - Error occurred while uploading playlist image for the video title 'Kingdom Hearts 3 OST - Dearly Beloved': http status: 413, code:-1 - https://api.spotify.com/v1/playlists/5rPccwKvG7eR6m5JQpHtHE/images:
 None, reason: None
2023-07-20 05:58:40,824 - ERROR - HTTP Error for PUT to https://api.spotify.com/v1/playlists/5uX1Eb5JThobRyXotsUkSy/images with Params: {} returned 413 due to None
2023-07-20 05:58:40,824 - ERROR - Error occurred while uploading playlist image for the video title '\u3010Electro House\u3011Hellberg ft. Cozi Zuehlsdorff - The Girl (Crystal Skies Remix)': http status: 413, code:-1 - https://api.spotify.com/v1/playlists/5uX1Eb5JThobRyXotsUkSy/images:
 None, reason: None
2023-07-20 05:59:12,548 - WARNING - Retrying (Retry(total=2, connect=None, read=False, redirect=None, status=3)) after connection broken by 'SSLError(SSLEOFError(8, 'EOF occurred in violation of protocol (_ssl.c:2426)'))': /v1/playlists/2l8uIV9gDF7q911hFr1CfN/images
2023-07-20 05:59:13,767 - WARNING - Retrying (Retry(total=1, connect=None, read=False, redirect=None, status=3)) after connection broken by 'SSLError(SSLEOFError(8, 'EOF occurred in violation of protocol (_ssl.c:2426)'))': /v1/playlists/2l8uIV9gDF7q911hFr1CfN/images
2023-07-20 05:59:15,900 - WARNING - Retrying (Retry(total=0, connect=None, read=False, redirect=None, status=3)) after connection broken by 'SSLError(SSLEOFError(8, 'EOF occurred in violation of protocol (_ssl.c:2426)'))': /v1/playlists/2l8uIV9gDF7q911hFr1CfN/images
2023-07-20 05:59:16,558 - ERROR - Error occurred while creating playlist for the video title 'London: The Dirty Money Laundry': HTTPSConnectionPool(host='api.spotify.com', port=443): Max retries exceeded with url: /v1/playlists/2l8uIV9gDF7q911hFr1CfN/images (Caused by SSLError(SSLEOFError(8, 'EOF occurred in violation of protocol (_ssl.c:2426)')))
2023-07-20 06:00:13,147 - ERROR - Max Retries reached
2023-07-20 06:00:13,147 - ERROR - Error occurred while uploading playlist image for the video title 'Kendrick Lamar - A Milli Freestyle': http status: 429, code:-1 - /v1/playlists/3DMZGQs4b1rTI0SpdI1TxH/images:
 Max Retries, reason: too many 502 error responses
2023-07-20 06:01:31,831 - ERROR - HTTP Error for PUT to https://api.spotify.com/v1/playlists/19E7dVol2nXZRSqvCJajDQ/images with Params: {} returned 413 due to None
2023-07-20 06:01:31,831 - ERROR - Error occurred while uploading playlist image for the video title '“Verify Your Clock” — Holy Russian Empire Unification Theme [The New Order]': http status: 413, code:-1 - https://api.spotify.com/v1/playlists/19E7dVol2nXZRSqvCJajDQ/images:
 None, reason: None
2023-07-20 06:01:47,496 - ERROR - HTTP Error for GET to https://api.spotify.com/v1/search with Params: {'q': 'The title mentions the genre "Tiktok hits" and the year "2022", so the playlist could include popular songs that have gone viral on Tiktok in that year. However, without specific information about the content of the playlist, it is difficult to determine any specific artist or genre mentioned in the title.', 'limit': 5, 'offset': 0, 'type': 'track', 'market': None} returned 400 due to Bad request.
2023-07-20 06:01:47,497 - ERROR - Error occurred while creating playlist for the video title 'Spotify chill playlist \U0001f347 Tiktok hits 2022 - Viral songs latest': http status: 400, code:-1 - https://api.spotify.com/v1/search?q=The+title+mentions+the+genre+%22Tiktok+hits%22+and+the+year+%222022%22%2C+so+the+playlist+could+include+popular+songs+that+have+gone+viral+on+Tiktok+in+that+year.+However%2C+without+specific+information+about+the+content+of+the+playlist%2C+it+is+difficult+to+determine+any+specific+artist+or+genre+mentioned+in+the+title.&limit=5&offset=0&type=track:
 Bad request., reason: None
2023-07-20 06:07:30,135 - ERROR - Error occurred while generating description for the video title 'Charlie Puth - We Don't Talk Anymore ft. Selena Gomez (OutaMatic Remix)': Bad gateway. {"error":{"code":502,"message":"Bad gateway.","param":null,"type":"cf_bad_gateway"}} 502 {'error': {'code': 502, 'message': 'Bad gateway.', 'param': None, 'type': 'cf_bad_gateway'}} {'Date': 'Thu, 20 Jul 2023 04:07:30 GMT', 'Content-Type': 'application/json', 'Content-Length': '84', 'Connection': 'keep-alive', 'X-Frame-Options': 'SAMEORIGIN', 'Referrer-Policy': 'same-origin', 'Cache-Control': 'private, max-age=0, no-store, no-cache, must-revalidate, post-check=0, pre-check=0', 'Expires': 'Thu, 01 Jan 1970 00:00:01 GMT', 'Server': 'cloudflare', 'CF-RAY': '7e984ed67bf8be4e-CPH', 'alt-svc': 'h3=":443"; ma=86400'}
2023-07-20 06:08:07,407 - WARNING - Retrying (Retry(total=2, connect=None, read=False, redirect=None, status=3)) after connection broken by 'SSLError(SSLEOFError(8, 'EOF occurred in violation of protocol (_ssl.c:2426)'))': /v1/playlists/1XBTfTLVWC57EbJseDS3SU/images
2023-07-20 06:08:08,987 - WARNING - Retrying (Retry(total=1, connect=None, read=False, redirect=None, status=3)) after connection broken by 'SSLError(SSLEOFError(8, 'EOF occurred in violation of protocol (_ssl.c:2426)'))': /v1/playlists/1XBTfTLVWC57EbJseDS3SU/images
2023-07-20 06:08:11,084 - WARNING - Retrying (Retry(total=0, connect=None, read=False, redirect=None, status=3)) after connection broken by 'SSLError(SSLEOFError(8, 'EOF occurred in violation of protocol (_ssl.c:2426)'))': /v1/playlists/1XBTfTLVWC57EbJseDS3SU/images
2023-07-20 06:08:11,341 - ERROR - Error occurred while creating playlist for the video title 'Wolf's Rain OST - Strangers': HTTPSConnectionPool(host='api.spotify.com', port=443): Max retries exceeded with url: /v1/playlists/1XBTfTLVWC57EbJseDS3SU/images (Caused by SSLError(SSLEOFError(8, 'EOF occurred in violation of protocol (_ssl.c:2426)')))
2023-07-20 06:08:32,214 - WARNING - Retrying (Retry(total=2, connect=None, read=False, redirect=None, status=3)) after connection broken by 'SSLError(SSLEOFError(8, 'EOF occurred in violation of protocol (_ssl.c:2426)'))': /v1/playlists/0whVAxEbn1dSnoyOg7eyAH/images
2023-07-20 06:08:33,266 - WARNING - Retrying (Retry(total=1, connect=None, read=False, redirect=None, status=3)) after connection broken by 'SSLError(SSLEOFError(8, 'EOF occurred in violation of protocol (_ssl.c:2426)'))': /v1/playlists/0whVAxEbn1dSnoyOg7eyAH/images
2023-07-20 06:08:34,728 - WARNING - Retrying (Retry(total=0, connect=None, read=False, redirect=None, status=3)) after connection broken by 'SSLError(SSLEOFError(8, 'EOF occurred in violation of protocol (_ssl.c:2426)'))': /v1/playlists/0whVAxEbn1dSnoyOg7eyAH/images
2023-07-20 06:08:34,918 - ERROR - Error occurred while creating playlist for the video title 'Yu-Gi-Oh! - Millennium Battle Theme - Best Part [Extended]': HTTPSConnectionPool(host='api.spotify.com', port=443): Max retries exceeded with url: /v1/playlists/0whVAxEbn1dSnoyOg7eyAH/images (Caused by SSLError(SSLEOFError(8, 'EOF occurred in violation of protocol (_ssl.c:2426)')))
2023-07-20 06:08:59,570 - WARNING - Retrying (Retry(total=2, connect=None, read=False, redirect=None, status=3)) after connection broken by 'SSLError(SSLEOFError(8, 'EOF occurred in violation of protocol (_ssl.c:2426)'))': /v1/playlists/6rBHk55Uv2TZoyABXwqNrY/images
2023-07-20 06:09:00,698 - WARNING - Retrying (Retry(total=1, connect=None, read=False, redirect=None, status=3)) after connection broken by 'SSLError(SSLEOFError(8, 'EOF occurred in violation of protocol (_ssl.c:2426)'))': /v1/playlists/6rBHk55Uv2TZoyABXwqNrY/images
2023-07-20 06:09:02,919 - WARNING - Retrying (Retry(total=0, connect=None, read=False, redirect=None, status=3)) after connection broken by 'SSLError(SSLEOFError(8, 'EOF occurred in violation of protocol (_ssl.c:2426)'))': /v1/playlists/6rBHk55Uv2TZoyABXwqNrY/images
2023-07-20 06:09:03,192 - ERROR - Error occurred while creating playlist for the video title 'Everybody's Victorious - Backstreet Boys vs. Panic! At The Disco (Mashup)': HTTPSConnectionPool(host='api.spotify.com', port=443): Max retries exceeded with url: /v1/playlists/6rBHk55Uv2TZoyABXwqNrY/images (Caused by SSLError(SSLEOFError(8, 'EOF occurred in violation of protocol (_ssl.c:2426)')))
2023-07-20 06:09:44,964 - WARNING - Retrying (Retry(total=2, connect=None, read=False, redirect=None, status=3)) after connection broken by 'SSLError(SSLEOFError(8, 'EOF occurred in violation of protocol (_ssl.c:2426)'))': /v1/playlists/2iylhlRXEsf7ApN4giAEsp/images
2023-07-20 06:09:46,552 - WARNING - Retrying (Retry(total=1, connect=None, read=False, redirect=None, status=3)) after connection broken by 'SSLError(SSLEOFError(8, 'EOF occurred in violation of protocol (_ssl.c:2426)'))': /v1/playlists/2iylhlRXEsf7ApN4giAEsp/images
2023-07-20 06:09:48,336 - WARNING - Retrying (Retry(total=0, connect=None, read=False, redirect=None, status=3)) after connection broken by 'SSLError(SSLEOFError(8, 'EOF occurred in violation of protocol (_ssl.c:2426)'))': /v1/playlists/2iylhlRXEsf7ApN4giAEsp/images
2023-07-20 06:09:48,950 - ERROR - Error occurred while creating playlist for the video title 'I Put A Drill Beat Over “Wishing Well” by Juice Wrld': HTTPSConnectionPool(host='api.spotify.com', port=443): Max retries exceeded with url: /v1/playlists/2iylhlRXEsf7ApN4giAEsp/images (Caused by SSLError(SSLEOFError(8, 'EOF occurred in violation of protocol (_ssl.c:2426)')))
2023-07-20 06:10:46,640 - WARNING - Retrying (Retry(total=2, connect=None, read=False, redirect=None, status=3)) after connection broken by 'SSLError(SSLEOFError(8, 'EOF occurred in violation of protocol (_ssl.c:2426)'))': /v1/playlists/0f7u4kSs2RuUcy7VKGMI0H/images
2023-07-20 06:10:48,932 - WARNING - Retrying (Retry(total=1, connect=None, read=False, redirect=None, status=3)) after connection broken by 'SSLError(SSLEOFError(8, 'EOF occurred in violation of protocol (_ssl.c:2426)'))': /v1/playlists/0f7u4kSs2RuUcy7VKGMI0H/images
2023-07-20 06:10:50,775 - WARNING - Retrying (Retry(total=0, connect=None, read=False, redirect=None, status=3)) after connection broken by 'SSLError(SSLEOFError(8, 'EOF occurred in violation of protocol (_ssl.c:2426)'))': /v1/playlists/0f7u4kSs2RuUcy7VKGMI0H/images
2023-07-20 06:10:51,292 - ERROR - Error occurred while creating playlist for the video title 'Sing with Karl - The British Grenadiers [German Version][+ English Translation]': HTTPSConnectionPool(host='api.spotify.com', port=443): Max retries exceeded with url: /v1/playlists/0f7u4kSs2RuUcy7VKGMI0H/images (Caused by SSLError(SSLEOFError(8, 'EOF occurred in violation of protocol (_ssl.c:2426)')))
2023-07-20 06:11:43,462 - ERROR - HTTP Error for PUT to https://api.spotify.com/v1/playlists/1lRHWNSD8NHonpoB0vGI6R/images with Params: {} returned 409 due to None
2023-07-20 06:11:43,462 - ERROR - Error occurred while uploading playlist image for the video title 'shake it x hand crushed by a mallet [Tiktok remix] metro station/100 gecs': http status: 409, code:-1 - https://api.spotify.com/v1/playlists/1lRHWNSD8NHonpoB0vGI6R/images:
 None, reason: None
2023-07-20 06:14:20,582 - ERROR - Error occurred while generating description for the video title 'Young Thug - Spaghetti Factory (Prod. By Metro Boomin)': The server is overloaded or not ready yet.
2023-07-20 06:16:25,229 - ERROR - HTTP Error for PUT to https://api.spotify.com/v1/playlists/3rDZh21fl7htEG6ZBNXoKr/images with Params: {} returned 409 due to None
2023-07-20 06:16:25,229 - ERROR - Error occurred while uploading playlist image for the video title 'One punch man - OST - 28. The cyborg walks': http status: 409, code:-1 - https://api.spotify.com/v1/playlists/3rDZh21fl7htEG6ZBNXoKr/images:
 None, reason: None
2023-07-20 06:19:34,771 - ERROR - HTTP Error for PUT to https://api.spotify.com/v1/playlists/1BCDTakOLTsiAgInOiP81S/images with Params: {} returned 413 due to None
2023-07-20 06:19:34,771 - ERROR - Error occurred while uploading playlist image for the video title 'Echa Soemantri - Maroon 5 Medley (Drum Reinterpretation)': http status: 413, code:-1 - https://api.spotify.com/v1/playlists/1BCDTakOLTsiAgInOiP81S/images:
 None, reason: None
2023-07-20 06:19:46,361 - ERROR - Error occurred while creating playlist for the video title 'Remains - Bastille (vs. Rag'n'Bone Man & Skunk Anansie)': HTTPSConnectionPool(host='api.spotify.com', port=443): Read timed out. (read timeout=5)
2023-07-20 06:23:13,830 - ERROR - HTTP Error for PUT to https://api.spotify.com/v1/playlists/3jGvFnpjGdjOrrUepHbB1k/images with Params: {} returned 413 due to None
2023-07-20 06:23:13,830 - ERROR - Error occurred while uploading playlist image for the video title '314.6\u30de\u30a4\u30eb\u5148\u306e\u60c5\u666f/\u52ff\u5fd8\u3046\u305f -314.6mile Scene of the destination': http status: 413, code:-1 - https://api.spotify.com/v1/playlists/3jGvFnpjGdjOrrUepHbB1k/images:
 None, reason: None
2023-07-20 06:24:09,660 - WARNING - Retrying (Retry(total=2, connect=None, read=False, redirect=None, status=3)) after connection broken by 'SSLError(SSLEOFError(8, 'EOF occurred in violation of protocol (_ssl.c:2426)'))': /v1/playlists/40IWWejSpWrUzw7ytNQKSF/images
2023-07-20 06:24:10,504 - WARNING - Retrying (Retry(total=1, connect=None, read=False, redirect=None, status=3)) after connection broken by 'SSLError(SSLEOFError(8, 'EOF occurred in violation of protocol (_ssl.c:2426)'))': /v1/playlists/40IWWejSpWrUzw7ytNQKSF/images
2023-07-20 06:24:11,912 - WARNING - Retrying (Retry(total=0, connect=None, read=False, redirect=None, status=3)) after connection broken by 'SSLError(SSLEOFError(8, 'EOF occurred in violation of protocol (_ssl.c:2426)'))': /v1/playlists/40IWWejSpWrUzw7ytNQKSF/images
2023-07-20 06:24:12,124 - ERROR - Error occurred while creating playlist for the video title 'Therefore I Am - Billie Eilish cover.': HTTPSConnectionPool(host='api.spotify.com', port=443): Max retries exceeded with url: /v1/playlists/40IWWejSpWrUzw7ytNQKSF/images (Caused by SSLError(SSLEOFError(8, 'EOF occurred in violation of protocol (_ssl.c:2426)')))
2023-07-20 06:26:15,894 - ERROR - Error occurred while creating playlist for the video title 'Paramore - That's What You Get (cover) DMF / Ricky / Jose': ('Connection aborted.', RemoteDisconnected('Remote end closed connection without response'))
2023-07-20 06:26:21,548 - ERROR - HTTP Error for PUT to https://api.spotify.com/v1/playlists/0mcjjJwjscV8drNHJoIDsE/images with Params: {} returned 413 due to None
2023-07-20 06:26:21,548 - ERROR - Error occurred while uploading playlist image for the video title 'Rank The Rapper Without Knowing Who Comes Next!': http status: 413, code:-1 - https://api.spotify.com/v1/playlists/0mcjjJwjscV8drNHJoIDsE/images:
 None, reason: None
2023-07-20 06:27:46,418 - ERROR - HTTP Error for PUT to https://api.spotify.com/v1/playlists/4xcxD65uHUtHPyyrU3xIr0/images with Params: {} returned 413 due to None
2023-07-20 06:27:46,418 - ERROR - Error occurred while uploading playlist image for the video title 'Delusional Thomas - Grandpa Used To Carry A Flask (ft. Mac Miller) - Lyrics': http status: 413, code:-1 - https://api.spotify.com/v1/playlists/4xcxD65uHUtHPyyrU3xIr0/images:
 None, reason: None
2023-07-20 06:28:23,723 - WARNING - Retrying (Retry(total=2, connect=None, read=False, redirect=None, status=3)) after connection broken by 'SSLError(SSLEOFError(8, 'EOF occurred in violation of protocol (_ssl.c:2426)'))': /v1/playlists/5ufOtG3d5qZX6gOlaAYR5B/images
2023-07-20 06:28:24,550 - WARNING - Retrying (Retry(total=1, connect=None, read=False, redirect=None, status=3)) after connection broken by 'SSLError(SSLEOFError(8, 'EOF occurred in violation of protocol (_ssl.c:2426)'))': /v1/playlists/5ufOtG3d5qZX6gOlaAYR5B/images
2023-07-20 06:28:25,975 - WARNING - Retrying (Retry(total=0, connect=None, read=False, redirect=None, status=3)) after connection broken by 'SSLError(SSLEOFError(8, 'EOF occurred in violation of protocol (_ssl.c:2426)'))': /v1/playlists/5ufOtG3d5qZX6gOlaAYR5B/images
2023-07-20 06:28:26,319 - ERROR - Error occurred while creating playlist for the video title 'Too Vain & Zikiel - Hive Mind': HTTPSConnectionPool(host='api.spotify.com', port=443): Max retries exceeded with url: /v1/playlists/5ufOtG3d5qZX6gOlaAYR5B/images (Caused by SSLError(SSLEOFError(8, 'EOF occurred in violation of protocol (_ssl.c:2426)')))
2023-07-20 06:28:41,050 - ERROR - HTTP Error for PUT to https://api.spotify.com/v1/playlists/77DWhKY9V6B1A6xRKahPbO/images with Params: {} returned 409 due to None
2023-07-20 06:28:41,050 - ERROR - Error occurred while uploading playlist image for the video title 'HMS Pinafore - We Sail the Ocean Blue': http status: 409, code:-1 - https://api.spotify.com/v1/playlists/77DWhKY9V6B1A6xRKahPbO/images:
 None, reason: None
2023-07-20 06:32:12,127 - ERROR - Error occurred while generating description for the video title 'Studio Pressure (Photek) - Fusion': The server is overloaded or not ready yet.
2023-07-20 06:33:40,044 - ERROR - HTTP Error for GET to https://api.spotify.com/v1/search with Params: {'q': 'There isn\'t enough information to determine a specific artist or genre mentioned in the title "that guitar sound we all like pt. 3." The title seems to be referencing a general appreciation for a particular guitar sound rather than a specific artist or genre.', 'limit': 5, 'offset': 0, 'type': 'track', 'market': None} returned 400 due to Bad request.
2023-07-20 06:33:40,044 - ERROR - Error occurred while creating playlist for the video title 'that guitar sound we all like pt. 3': http status: 400, code:-1 - https://api.spotify.com/v1/search?q=There+isn%27t+enough+information+to+determine+a+specific+artist+or+genre+mentioned+in+the+title+%22that+guitar+sound+we+all+like+pt.+3.%22+The+title+seems+to+be+referencing+a+general+appreciation+for+a+particular+guitar+sound+rather+than+a+specific+artist+or+genre.&limit=5&offset=0&type=track:
 Bad request., reason: None
2023-07-20 06:34:51,334 - ERROR - HTTP Error for PUT to https://api.spotify.com/v1/playlists/3lS1PGCltdsvrHMgC2IdgX/images with Params: {} returned 413 due to None
2023-07-20 06:34:51,334 - ERROR - Error occurred while uploading playlist image for the video title 'Inspiration Over Oceans (Goblin Mashup)': http status: 413, code:-1 - https://api.spotify.com/v1/playlists/3lS1PGCltdsvrHMgC2IdgX/images:
 None, reason: None
2023-07-20 06:35:21,923 - WARNING - Retrying (Retry(total=2, connect=None, read=False, redirect=None, status=3)) after connection broken by 'SSLError(SSLEOFError(8, 'EOF occurred in violation of protocol (_ssl.c:2426)'))': /v1/playlists/0Z867V2GAdUFdCPRD0FW9p/images
2023-07-20 06:35:22,757 - WARNING - Retrying (Retry(total=1, connect=None, read=False, redirect=None, status=3)) after connection broken by 'SSLError(SSLEOFError(8, 'EOF occurred in violation of protocol (_ssl.c:2426)'))': /v1/playlists/0Z867V2GAdUFdCPRD0FW9p/images
2023-07-20 06:35:24,190 - WARNING - Retrying (Retry(total=0, connect=None, read=False, redirect=None, status=3)) after connection broken by 'SSLError(SSLEOFError(8, 'EOF occurred in violation of protocol (_ssl.c:2426)'))': /v1/playlists/0Z867V2GAdUFdCPRD0FW9p/images
2023-07-20 06:35:24,409 - ERROR - Error occurred while creating playlist for the video title 'Monster Hunter Rise Sunbreak - Proof Of A Hero Official': HTTPSConnectionPool(host='api.spotify.com', port=443): Max retries exceeded with url: /v1/playlists/0Z867V2GAdUFdCPRD0FW9p/images (Caused by SSLError(SSLEOFError(8, 'EOF occurred in violation of protocol (_ssl.c:2426)')))
2023-07-20 06:35:43,859 - WARNING - Retrying (Retry(total=2, connect=None, read=False, redirect=None, status=3)) after connection broken by 'SSLError(SSLEOFError(8, 'EOF occurred in violation of protocol (_ssl.c:2426)'))': /v1/playlists/0n0i7caL77qzFxVzdkObwC/images
2023-07-20 06:35:44,707 - WARNING - Retrying (Retry(total=1, connect=None, read=False, redirect=None, status=3)) after connection broken by 'SSLError(SSLEOFError(8, 'EOF occurred in violation of protocol (_ssl.c:2426)'))': /v1/playlists/0n0i7caL77qzFxVzdkObwC/images
2023-07-20 06:35:46,137 - WARNING - Retrying (Retry(total=0, connect=None, read=False, redirect=None, status=3)) after connection broken by 'SSLError(SSLEOFError(8, 'EOF occurred in violation of protocol (_ssl.c:2426)'))': /v1/playlists/0n0i7caL77qzFxVzdkObwC/images
2023-07-20 06:35:46,356 - ERROR - Error occurred while creating playlist for the video title 'If I Was The Producer For “Hate The Other Side” by Juice Wrld, Polo G, and The Kid Laroi': HTTPSConnectionPool(host='api.spotify.com', port=443): Max retries exceeded with url: /v1/playlists/0n0i7caL77qzFxVzdkObwC/images (Caused by SSLError(SSLEOFError(8, 'EOF occurred in violation of protocol (_ssl.c:2426)')))
2023-07-20 06:38:44,376 - ERROR - Error occurred while generating description for the video title 'Mala - Eyez': The server is overloaded or not ready yet.
2023-07-20 06:38:56,740 - ERROR - HTTP Error for PUT to https://api.spotify.com/v1/playlists/4g5244cIwVg8bw6SZtuMS5/images with Params: {} returned 413 due to None
2023-07-20 06:38:56,740 - ERROR - Error occurred while uploading playlist image for the video title 'Yung Angel - Let’s Fall Apart Together': http status: 413, code:-1 - https://api.spotify.com/v1/playlists/4g5244cIwVg8bw6SZtuMS5/images:
 None, reason: None
2023-07-20 06:40:15,772 - ERROR - HTTP Error for PUT to https://api.spotify.com/v1/playlists/0BUWVKjguaB3lQ59rQDlYB/images with Params: {} returned 409 due to None
2023-07-20 06:40:15,772 - ERROR - Error occurred while uploading playlist image for the video title 'YG KAYBOE | WHO RUN IT [3 SIX MAFIA] BOEMIX': http status: 409, code:-1 - https://api.spotify.com/v1/playlists/0BUWVKjguaB3lQ59rQDlYB/images:
 None, reason: None
2023-07-20 06:43:05,115 - ERROR - HTTP Error for PUT to https://api.spotify.com/v1/playlists/4tbsrTkhmrL49cmW7uQ02u/images with Params: {} returned 413 due to None
2023-07-20 06:43:05,115 - ERROR - Error occurred while uploading playlist image for the video title 'Thou: NPR Music Tiny Desk Concert': http status: 413, code:-1 - https://api.spotify.com/v1/playlists/4tbsrTkhmrL49cmW7uQ02u/images:
 None, reason: None
2023-07-20 06:43:22,441 - ERROR - HTTP Error for PUT to https://api.spotify.com/v1/playlists/3W0ek5YlCXDHo9ogEmxxqt/images with Params: {} returned 413 due to None
2023-07-20 06:43:22,441 - ERROR - Error occurred while uploading playlist image for the video title 'When I Find Peace of Mind | Neon Genesis Evangelion': http status: 413, code:-1 - https://api.spotify.com/v1/playlists/3W0ek5YlCXDHo9ogEmxxqt/images:
 None, reason: None
2023-07-20 06:44:18,499 - ERROR - HTTP Error for GET to https://api.spotify.com/v1/search with Params: {'q': 'The Maestro Fuzz-Tone FZ-1 is a popular guitar effects pedal, and the mentioned record from 1962 is a demonstration record specifically created to showcase the capabilities of the pedal. So, it is not associated with a particular artist or genre but rather with the Maestro Fuzz-Tone pedal itself.', 'limit': 5, 'offset': 0, 'type': 'track', 'market': None} returned 400 due to Bad request.
2023-07-20 06:44:18,499 - ERROR - Error occurred while creating playlist for the video title 'Maestro Fuzz-Tone FZ-1. Demonstration Record 1962.': http status: 400, code:-1 - https://api.spotify.com/v1/search?q=The+Maestro+Fuzz-Tone+FZ-1+is+a+popular+guitar+effects+pedal%2C+and+the+mentioned+record+from+1962+is+a+demonstration+record+specifically+created+to+showcase+the+capabilities+of+the+pedal.+So%2C+it+is+not+associated+with+a+particular+artist+or+genre+but+rather+with+the+Maestro+Fuzz-Tone+pedal+itself.&limit=5&offset=0&type=track:
 Bad request., reason: None
2023-07-20 06:47:55,980 - ERROR - HTTP Error for PUT to https://api.spotify.com/v1/playlists/3jYd9DSQmNLEOanjbPllAx/images with Params: {} returned 413 due to None
2023-07-20 06:47:55,980 - ERROR - Error occurred while uploading playlist image for the video title 'call me kc \U0001f468\U0001f3fb\u200d\U0001f4bb': http status: 413, code:-1 - https://api.spotify.com/v1/playlists/3jYd9DSQmNLEOanjbPllAx/images:
 None, reason: None
2023-07-20 06:47:59,598 - ERROR - HTTP Error for GET to https://api.spotify.com/v1/search with Params: {'q': 'There is no specific artist or genre mentioned in the title "call me kc \U0001f468\U0001f3fb\u200d\U0001f4bb." However, the mention of "kc" could possibly refer to an artist, band, or project with those initials. Without more information, it is difficult to determine the exact artist or genre being referenced.', 'limit': 5, 'offset': 0, 'type': 'track', 'market': None} returned 400 due to Bad request.
2023-07-20 06:47:59,598 - ERROR - Error occurred while creating playlist for the video title 'call me kc \U0001f468\U0001f3fb\u200d\U0001f4bb': http status: 400, code:-1 - https://api.spotify.com/v1/search?q=There+is+no+specific+artist+or+genre+mentioned+in+the+title+%22call+me+kc+%F0%9F%91%A8%F0%9F%8F%BB%E2%80%8D%F0%9F%92%BB.%22+However%2C+the+mention+of+%22kc%22+could+possibly+refer+to+an+artist%2C+band%2C+or+project+with+those+initials.+Without+more+information%2C+it+is+difficult+to+determine+the+exact+artist+or+genre+being+referenced.&limit=5&offset=0&type=track:
 Bad request., reason: None
2023-07-20 06:48:50,633 - ERROR - HTTP Error for GET to https://api.spotify.com/v1/search with Params: {'q': 'The title suggests that the mentioned artist or genre is related to a specific guitar sound, but without further information, it is not clear who or what it could be. The title suggests that there may be a series of songs or compilations featuring this guitar sound that people enjoy.', 'limit': 5, 'offset': 0, 'type': 'track', 'market': None} returned 400 due to Bad request.
2023-07-20 06:48:50,633 - ERROR - Error occurred while creating playlist for the video title 'that guitar sound we all like pt.4': http status: 400, code:-1 - https://api.spotify.com/v1/search?q=The+title+suggests+that+the+mentioned+artist+or+genre+is+related+to+a+specific+guitar+sound%2C+but+without+further+information%2C+it+is+not+clear+who+or+what+it+could+be.+The+title+suggests+that+there+may+be+a+series+of+songs+or+compilations+featuring+this+guitar+sound+that+people+enjoy.&limit=5&offset=0&type=track:
 Bad request., reason: None
2023-07-20 06:49:52,859 - ERROR - HTTP Error for PUT to https://api.spotify.com/v1/playlists/1Rzim14Bu7AaA5b2nzlw3d/images with Params: {} returned 413 due to None
2023-07-20 06:49:52,859 - ERROR - Error occurred while uploading playlist image for the video title 'Like Vultures - The Monster (Eminem ft Rihanna Cover)': http status: 413, code:-1 - https://api.spotify.com/v1/playlists/1Rzim14Bu7AaA5b2nzlw3d/images:
 None, reason: None
2023-07-20 06:50:39,104 - ERROR - HTTP Error for PUT to https://api.spotify.com/v1/playlists/71puHdqWIIt2CI3JmtRBJp/images with Params: {} returned 413 due to None
2023-07-20 06:50:39,104 - ERROR - Error occurred while uploading playlist image for the video title 'Can't Get You Out of My Head (Creepio Cover)': http status: 413, code:-1 - https://api.spotify.com/v1/playlists/71puHdqWIIt2CI3JmtRBJp/images:
 None, reason: None
2023-07-20 06:51:13,713 - WARNING - Retrying (Retry(total=2, connect=None, read=False, redirect=None, status=3)) after connection broken by 'SSLError(SSLEOFError(8, 'EOF occurred in violation of protocol (_ssl.c:2426)'))': /v1/playlists/1Z6wlS3ZHomseg1rnQERt6/images
2023-07-20 06:51:14,558 - WARNING - Retrying (Retry(total=1, connect=None, read=False, redirect=None, status=3)) after connection broken by 'SSLError(SSLEOFError(8, 'EOF occurred in violation of protocol (_ssl.c:2426)'))': /v1/playlists/1Z6wlS3ZHomseg1rnQERt6/images
2023-07-20 06:51:15,994 - WARNING - Retrying (Retry(total=0, connect=None, read=False, redirect=None, status=3)) after connection broken by 'SSLError(SSLEOFError(8, 'EOF occurred in violation of protocol (_ssl.c:2426)'))': /v1/playlists/1Z6wlS3ZHomseg1rnQERt6/images
2023-07-20 06:51:16,231 - ERROR - Error occurred while creating playlist for the video title 'M.A.N.F.L.Y. beach set in The Lab Miami at Rapture Festival': HTTPSConnectionPool(host='api.spotify.com', port=443): Max retries exceeded with url: /v1/playlists/1Z6wlS3ZHomseg1rnQERt6/images (Caused by SSLError(SSLEOFError(8, 'EOF occurred in violation of protocol (_ssl.c:2426)')))
2023-07-20 06:51:19,009 - ERROR - HTTP Error for PUT to https://api.spotify.com/v1/playlists/6Sc8UYRWqozGnQ6ajjolJM/images with Params: {} returned 409 due to None
2023-07-20 06:51:19,009 - ERROR - Error occurred while uploading playlist image for the video title 'Ween - Tender Situation': http status: 409, code:-1 - https://api.spotify.com/v1/playlists/6Sc8UYRWqozGnQ6ajjolJM/images:
 None, reason: None
2023-07-20 06:52:58,726 - ERROR - HTTP Error for PUT to https://api.spotify.com/v1/playlists/3rWDHEBstFyRFPWqOuXKl4/images with Params: {} returned 413 due to None
2023-07-20 06:52:58,726 - ERROR - Error occurred while uploading playlist image for the video title '[CH] I've Fallen and I Can't Get Up (Remaster)': http status: 413, code:-1 - https://api.spotify.com/v1/playlists/3rWDHEBstFyRFPWqOuXKl4/images:
 None, reason: None
2023-07-20 06:56:43,851 - ERROR - HTTP Error for PUT to https://api.spotify.com/v1/playlists/4votLzmEIVUbjVcVetCaXU/images with Params: {} returned 409 due to None
2023-07-20 06:56:43,851 - ERROR - Error occurred while uploading playlist image for the video title 'Auto Modellista OST - Main Menu ~ Car Select ~ Course Select': http status: 409, code:-1 - https://api.spotify.com/v1/playlists/4votLzmEIVUbjVcVetCaXU/images:
 None, reason: None
2023-07-20 07:00:29,069 - ERROR - Max Retries reached
2023-07-20 07:00:29,069 - ERROR - Error occurred while creating playlist for the video title 'Tobias Forge - House Of Affection': http status: 429, code:-1 - /v1/playlists/4zzgCgLBpYB0Ct1In8BNyW/tracks:
 Max Retries, reason: too many 500 error responses
2023-07-20 07:01:43,631 - ERROR - HTTP Error for GET to https://api.spotify.com/v1/search with Params: {'q': 'Based on the emojis in the title, it is difficult to determine a specific artist or genre. The emojis could represent a child, an alien, and some waves. It would be helpful to have more context or information to accurately identify the artist or genre referred to.', 'limit': 5, 'offset': 0, 'type': 'track', 'market': None} returned 400 due to Bad request.
2023-07-20 07:01:43,631 - ERROR - Error occurred while creating playlist for the video title '\U0001f9d2\U0001f3fc\U0001f47d\U0001f30a': http status: 400, code:-1 - https://api.spotify.com/v1/search?q=Based+on+the+emojis+in+the+title%2C+it+is+difficult+to+determine+a+specific+artist+or+genre.+The+emojis+could+represent+a+child%2C+an+alien%2C+and+some+waves.+It+would+be+helpful+to+have+more+context+or+information+to+accurately+identify+the+artist+or+genre+referred+to.&limit=5&offset=0&type=track:
 Bad request., reason: None
2023-07-20 07:02:06,274 - ERROR - HTTP Error for PUT to https://api.spotify.com/v1/playlists/1wj5dzHI7KCieFKQrm14t8/images with Params: {} returned 409 due to None
2023-07-20 07:02:06,274 - ERROR - Error occurred while uploading playlist image for the video title '[Trap] Nvrmore - You're The Only One That Wants Me': http status: 409, code:-1 - https://api.spotify.com/v1/playlists/1wj5dzHI7KCieFKQrm14t8/images:
 None, reason: None
2023-07-20 07:02:58,162 - ERROR - Error occurred while generating description for the video title 'FONDA RAE "Heobah" (Hey-O-Bah)': The server is overloaded or not ready yet.
2023-07-20 07:03:53,158 - ERROR - HTTP Error for PUT to https://api.spotify.com/v1/playlists/1fi8HsIHag2fx5UlOaXPMC/images with Params: {} returned 413 due to None
2023-07-20 07:03:53,158 - ERROR - Error occurred while uploading playlist image for the video title 'Hurt (Medieval Style) | Johnny Cash / Nine Inch Nails Bardcore': http status: 413, code:-1 - https://api.spotify.com/v1/playlists/1fi8HsIHag2fx5UlOaXPMC/images:
 None, reason: None
2023-07-20 07:08:21,423 - ERROR - HTTP Error for GET to https://api.spotify.com/v1/search with Params: {'q': 'The artist mentioned in the title is Corbin. The song is titled "94 (MOURN)" and it was released in 2016. Corbin is the stage name of American singer and songwriter Spooky Black. His music blends elements of R&B, alternative rock, and electronic genres.', 'limit': 5, 'offset': 0, 'type': 'track', 'market': None} returned 400 due to Bad request.
2023-07-20 07:08:21,423 - ERROR - Error occurred while creating playlist for the video title 'Corbin - 94 (MOURN 2016)': http status: 400, code:-1 - https://api.spotify.com/v1/search?q=The+artist+mentioned+in+the+title+is+Corbin.+The+song+is+titled+%2294+%28MOURN%29%22+and+it+was+released+in+2016.+Corbin+is+the+stage+name+of+American+singer+and+songwriter+Spooky+Black.+His+music+blends+elements+of+R%26B%2C+alternative+rock%2C+and+electronic+genres.&limit=5&offset=0&type=track:
 Bad request., reason: None
2023-07-20 07:08:54,358 - ERROR - HTTP Error for PUT to https://api.spotify.com/v1/playlists/3MQYWbc7p3IZG8NfKzkCuN/images with Params: {} returned 409 due to None
2023-07-20 07:08:54,358 - ERROR - Error occurred while uploading playlist image for the video title 'Basement Skylights - The SlowDown Pt1': http status: 409, code:-1 - https://api.spotify.com/v1/playlists/3MQYWbc7p3IZG8NfKzkCuN/images:
 None, reason: None
2023-07-20 07:09:56,699 - ERROR - HTTP Error for GET to https://api.spotify.com/v1/search with Params: {'q': 'The mention of "acloudyskye" and "skyward+" in the title suggests that it may be referring to an artist or a genre known as "acloudyskye @ skyward+". However, without further context or information, it is difficult to determine the exact artist or genre being mentioned.', 'limit': 5, 'offset': 0, 'type': 'track', 'market': None} returned 400 due to Bad request.
2023-07-20 07:09:56,699 - ERROR - Error occurred while creating playlist for the video title 'acloudyskye @ skyward+ 2021': http status: 400, code:-1 - https://api.spotify.com/v1/search?q=The+mention+of+%22acloudyskye%22+and+%22skyward%2B%22+in+the+title+suggests+that+it+may+be+referring+to+an+artist+or+a+genre+known+as+%22acloudyskye+%40+skyward%2B%22.+However%2C+without+further+context+or+information%2C+it+is+difficult+to+determine+the+exact+artist+or+genre+being+mentioned.&limit=5&offset=0&type=track:
 Bad request., reason: None
2023-07-20 07:13:46,974 - ERROR - HTTP Error for PUT to https://api.spotify.com/v1/playlists/2S69T9x76Wd89btKYHDTsu/images with Params: {} returned 413 due to None
2023-07-20 07:13:46,974 - ERROR - Error occurred while uploading playlist image for the video title 'Bogus Genius - S/T LP': http status: 413, code:-1 - https://api.spotify.com/v1/playlists/2S69T9x76Wd89btKYHDTsu/images:
 None, reason: None
2023-07-20 07:14:13,107 - WARNING - Retrying (Retry(total=2, connect=None, read=False, redirect=None, status=3)) after connection broken by 'SSLError(SSLEOFError(8, 'EOF occurred in violation of protocol (_ssl.c:2426)'))': /v1/playlists/0Ngjx71loEJrK2V25gUQ4c/images
2023-07-20 07:14:13,943 - WARNING - Retrying (Retry(total=1, connect=None, read=False, redirect=None, status=3)) after connection broken by 'SSLError(SSLEOFError(8, 'EOF occurred in violation of protocol (_ssl.c:2426)'))': /v1/playlists/0Ngjx71loEJrK2V25gUQ4c/images
2023-07-20 07:14:15,356 - WARNING - Retrying (Retry(total=0, connect=None, read=False, redirect=None, status=3)) after connection broken by 'SSLError(SSLEOFError(8, 'EOF occurred in violation of protocol (_ssl.c:2426)'))': /v1/playlists/0Ngjx71loEJrK2V25gUQ4c/images
2023-07-20 07:14:15,591 - ERROR - Error occurred while creating playlist for the video title 'The Artificials - Blue Constant': HTTPSConnectionPool(host='api.spotify.com', port=443): Max retries exceeded with url: /v1/playlists/0Ngjx71loEJrK2V25gUQ4c/images (Caused by SSLError(SSLEOFError(8, 'EOF occurred in violation of protocol (_ssl.c:2426)')))
2023-07-20 07:14:58,037 - ERROR - Error occurred while generating description for the video title 'The System - It's Passion (12inch remix) HQ+Sound': The server is overloaded or not ready yet.
2023-07-20 07:15:48,317 - ERROR - HTTP Error for PUT to https://api.spotify.com/v1/playlists/7HDafcchUEZggMYNIjGY2g/images with Params: {} returned 409 due to None
2023-07-20 07:15:48,317 - ERROR - Error occurred while uploading playlist image for the video title 'Road Redemption - War Of The Planets': http status: 409, code:-1 - https://api.spotify.com/v1/playlists/7HDafcchUEZggMYNIjGY2g/images:
 None, reason: None
2023-07-20 07:18:25,219 - ERROR - Error occurred while creating playlist for the video title 'I wrote a song with my ancestors: Memories | Original Song': ('Connection aborted.', RemoteDisconnected('Remote end closed connection without response'))
2023-07-20 07:18:37,430 - ERROR - HTTP Error for GET to https://api.spotify.com/v1/search with Params: {'q': 'The artist or genre mentioned in the title "[2022] \u5342\u043a\u3129\u044f\u0f5e\u0475\u0473\u044f\u3112\u0451 - \u25af\u0337\u032f\u032f\u032e\u0312\u030a\u25af\u0336\u0322\u0321\u031b\u031b\u031e\u0330\u0329\u0356\u0355\u0316\u0330\u034e\u032b\u0349\u033c\u032f\u031f\u0349\u0354\u0325\u030c\u034b\u0308\u0301\u0312\u0301\u030a\u0345\u25af\u0337\u0327\u0325\u0354\u034d\u0332\u030f\u030d\u030f\u0301\u0308\u0301\u030c\u0308\u0301\u0350\u0303\u030c\u034b\u0346\u034b\u0352\u0313\u030a\u25af\u0337\u0321\u031d\u0319\u035a\u034d\u0330\u0323\u0314\u0308\u0301\u0300\u030d\u030d\u0350\u034c\u030b" is not clear. The title consists of symbols and characters that do not correspond to a particular artist or genre. It is possible that it could be an unconventional or experimental title.', 'limit': 5, 'offset': 0, 'type': 'track', 'market': None} returned 400 due to Bad request.
2023-07-20 07:18:37,430 - ERROR - Error occurred while creating playlist for the video title '[2022] \u5342\u043a\u3129\u044f\u0f5e\u0475\u0473\u044f\u3112\u0451 - \u25af\u0337\u032f\u032f\u032e\u0312\u030a\u25af\u0336\u0322\u0321\u031b\u031b\u031e\u0330\u0329\u0356\u0355\u0316\u0330\u034e\u032b\u0349\u033c\u032f\u031f\u0349\u0354\u0325\u030c\u034b\u0308\u0301\u0312\u0301\u030a\u0345\u25af\u0337\u0327\u0325\u0354\u034d\u0332\u030f\u030d\u030f\u0301\u0308\u0301\u030c\u0308\u0301\u0350\u0303\u030c\u034b\u0346\u034b\u0352\u0313\u030a\u25af\u0337\u0321\u031d\u0319\u035a\u034d\u0330\u0323\u0314\u0308\u0301\u0300\u030d\u030d\u0350\u034c\u030b': http status: 400, code:-1 - https://api.spotify.com/v1/search?q=The+artist+or+genre+mentioned+in+the+title+%22%5B2022%5D+%E5%8D%82%D0%BA%E3%84%A9%D1%8F%E0%BD%9E%D1%B5%D1%B3%D1%8F%E3%84%92%D1%91+-+%E2%96%AF%CC%B7%CC%AF%CC%AF%CC%AE%CC%92%CC%8A%E2%96%AF%CC%B6%CC%A2%CC%A1%CC%9B%CC%9B%CC%9E%CC%B0%CC%A9%CD%96%CD%95%CC%96%CC%B0%CD%8E%CC%AB%CD%89%CC%BC%CC%AF%CC%9F%CD%89%CD%94%CC%A5%CC%8C%CD%8B%CC%88%CC%81%CC%92%CC%81%CC%8A%CD%85%E2%96%AF%CC%B7%CC%A7%CC%A5%CD%94%CD%8D%CC%B2%CC%8F%CC%8D%CC%8F%CC%81%CC%88%CC%81%CC%8C%CC%88%CC%81%CD%90%CC%83%CC%8C%CD%8B%CD%86%CD%8B%CD%92%CC%93%CC%8A%E2%96%AF%CC%B7%CC%A1%CC%9D%CC%99%CD%9A%CD%8D%CC%B0%CC%A3%CC%94%CC%88%CC%81%CC%80%CC%8D%CC%8D%CD%90%CD%8C%CC%8B%22+is+not+clear.+The+title+consists+of+symbols+and+characters+that+do+not+correspond+to+a+particular+artist+or+genre.+It+is+possible+that+it+could+be+an+unconventional+or+experimental+title.&limit=5&offset=0&type=track:
 Bad request., reason: None
2023-07-20 07:19:23,553 - WARNING - Retrying (Retry(total=2, connect=None, read=False, redirect=None, status=3)) after connection broken by 'SSLError(SSLEOFError(8, 'EOF occurred in violation of protocol (_ssl.c:2426)'))': /v1/playlists/19iP0yjPkfGUKHMktf6D7L/images
2023-07-20 07:19:24,365 - WARNING - Retrying (Retry(total=1, connect=None, read=False, redirect=None, status=3)) after connection broken by 'SSLError(SSLEOFError(8, 'EOF occurred in violation of protocol (_ssl.c:2426)'))': /v1/playlists/19iP0yjPkfGUKHMktf6D7L/images
2023-07-20 07:19:25,755 - WARNING - Retrying (Retry(total=0, connect=None, read=False, redirect=None, status=3)) after connection broken by 'SSLError(SSLEOFError(8, 'EOF occurred in violation of protocol (_ssl.c:2426)'))': /v1/playlists/19iP0yjPkfGUKHMktf6D7L/images
2023-07-20 07:19:25,953 - ERROR - Error occurred while creating playlist for the video title 'Pene Corrida - Everybody (Backstreet Boys)': HTTPSConnectionPool(host='api.spotify.com', port=443): Max retries exceeded with url: /v1/playlists/19iP0yjPkfGUKHMktf6D7L/images (Caused by SSLError(SSLEOFError(8, 'EOF occurred in violation of protocol (_ssl.c:2426)')))
2023-07-20 07:20:20,713 - ERROR - HTTP Error for PUT to https://api.spotify.com/v1/playlists/3ge3APm3sjbSfUR0vAXTGf/images with Params: {} returned 409 due to None
2023-07-20 07:20:20,713 - ERROR - Error occurred while uploading playlist image for the video title 'A Guy Called Gerald - Automanikk': http status: 409, code:-1 - https://api.spotify.com/v1/playlists/3ge3APm3sjbSfUR0vAXTGf/images:
 None, reason: None
2023-07-20 07:20:48,325 - ERROR - HTTP Error for GET to https://api.spotify.com/v1/search with Params: {'q': 'The title "xQc checks out the NEW HANZO Change on PTR (April 18th PTR Patch Notes)" is related to video game streaming content. It mentions xQc, a popular Twitch streamer and gamer, who is checking out the new change to the character Hanzo in the April 18th PTR (Public Test Realm) patch notes. It does not refer to any artist or genre.', 'limit': 5, 'offset': 0, 'type': 'track', 'market': None} returned 400 due to Bad request.
2023-07-20 07:20:48,325 - ERROR - Error occurred while creating playlist for the video title 'xQc checks out the NEW HANZO Change on PTR (April 18th PTR Patch Notes)': http status: 400, code:-1 - https://api.spotify.com/v1/search?q=The+title+%22xQc+checks+out+the+NEW+HANZO+Change+on+PTR+%28April+18th+PTR+Patch+Notes%29%22+is+related+to+video+game+streaming+content.+It+mentions+xQc%2C+a+popular+Twitch+streamer+and+gamer%2C+who+is+checking+out+the+new+change+to+the+character+Hanzo+in+the+April+18th+PTR+%28Public+Test+Realm%29+patch+notes.+It+does+not+refer+to+any+artist+or+genre.&limit=5&offset=0&type=track:
 Bad request., reason: None
2023-07-20 07:21:27,132 - ERROR - HTTP Error for PUT to https://api.spotify.com/v1/playlists/1AgrxgAr0JiiWqPwib4vG5/images with Params: {} returned 413 due to None
2023-07-20 07:21:27,132 - ERROR - Error occurred while uploading playlist image for the video title 'Care Less | Original Song': http status: 413, code:-1 - https://api.spotify.com/v1/playlists/1AgrxgAr0JiiWqPwib4vG5/images:
 None, reason: None
2023-07-20 07:22:06,869 - ERROR - Error occurred while generating description for the video title 'Urano Players - S.F.S.R.': The server is overloaded or not ready yet.
2023-07-20 07:25:40,758 - ERROR - Error occurred while generating description for the video title 'P.O.V. : U Got What I Want': The server is overloaded or not ready yet.
2023-07-20 07:29:26,429 - ERROR - HTTP Error for GET to https://api.spotify.com/v1/search with Params: {'q': 'The title "Serial Flashers - Fuckin\' Da Fax" does not mention any specific artist or genre. It could potentially be a title of a song, album, or performance by an artist or band, but without more information, it is difficult to determine the exact artist or genre associated with it.', 'limit': 5, 'offset': 0, 'type': 'track', 'market': None} returned 400 due to Bad request.
2023-07-20 07:29:26,429 - ERROR - Error occurred while creating playlist for the video title 'Serial Flashers - Fuckin' Da Fax': http status: 400, code:-1 - https://api.spotify.com/v1/search?q=The+title+%22Serial+Flashers+-+Fuckin%27+Da+Fax%22+does+not+mention+any+specific+artist+or+genre.+It+could+potentially+be+a+title+of+a+song%2C+album%2C+or+performance+by+an+artist+or+band%2C+but+without+more+information%2C+it+is+difficult+to+determine+the+exact+artist+or+genre+associated+with+it.&limit=5&offset=0&type=track:
 Bad request., reason: None
2023-07-20 07:29:36,610 - ERROR - HTTP Error for PUT to https://api.spotify.com/v1/playlists/78dMsklVEuDykrPJJKxW5G/images with Params: {} returned 413 due to None
2023-07-20 07:29:36,610 - ERROR - Error occurred while uploading playlist image for the video title 'Back In Time to the Sanctuary Falls (S&K + SR + S&ASRT)': http status: 413, code:-1 - https://api.spotify.com/v1/playlists/78dMsklVEuDykrPJJKxW5G/images:
 None, reason: None
2023-07-20 07:30:05,847 - ERROR - HTTP Error for GET to https://api.spotify.com/v1/search with Params: {'q': 'There is no specific artist or genre mentioned in the title "Corker Conboy - In Light Of That Learnt Later." It appears to be the name of a song or album, but without further context, it\'s difficult to determine the artist or genre associated with it.', 'limit': 5, 'offset': 0, 'type': 'track', 'market': None} returned 400 due to Bad request.
2023-07-20 07:30:05,847 - ERROR - Error occurred while creating playlist for the video title 'Corker Conboy - In Light Of That Learnt Later': http status: 400, code:-1 - https://api.spotify.com/v1/search?q=There+is+no+specific+artist+or+genre+mentioned+in+the+title+%22Corker+Conboy+-+In+Light+Of+That+Learnt+Later.%22+It+appears+to+be+the+name+of+a+song+or+album%2C+but+without+further+context%2C+it%27s+difficult+to+determine+the+artist+or+genre+associated+with+it.&limit=5&offset=0&type=track:
 Bad request., reason: None
2023-07-20 07:30:29,040 - ERROR - HTTP Error for PUT to https://api.spotify.com/v1/playlists/1daUDJkyha6GOjRUAxIjnr/images with Params: {} returned 413 due to None
2023-07-20 07:30:29,040 - ERROR - Error occurred while uploading playlist image for the video title 'The Teenagers Responsible - What if You Got Tomorrow's Newspaper Today?': http status: 413, code:-1 - https://api.spotify.com/v1/playlists/1daUDJkyha6GOjRUAxIjnr/images:
 None, reason: None
2023-07-20 07:32:14,800 - ERROR - Error occurred while creating playlist for the video title 'Warming Freeze (Mixed By Anoebis)': ('Connection aborted.', RemoteDisconnected('Remote end closed connection without response'))
2023-07-20 07:32:24,374 - ERROR - HTTP Error for PUT to https://api.spotify.com/v1/playlists/19QQsOkc5P5ba7Ztb8IUbt/images with Params: {} returned 413 due to None
2023-07-20 07:32:24,374 - ERROR - Error occurred while uploading playlist image for the video title 'Money & Chill: fun money hacks, recession & 1 hack to pay off your mortgage A$AP': http status: 413, code:-1 - https://api.spotify.com/v1/playlists/19QQsOkc5P5ba7Ztb8IUbt/images:
 None, reason: None
2023-07-20 07:33:51,411 - ERROR - Error occurred while creating playlist for the video title 'Bianco Negativo - Tensione Emotiva [Syntetyk]': ('Connection aborted.', RemoteDisconnected('Remote end closed connection without response'))
2023-07-20 07:34:00,932 - ERROR - HTTP Error for GET to https://api.spotify.com/v1/search with Params: {'q': 'The title "Pictures Can Tell - 05 She Remembers" does not specifically mention an artist or genre. It could be a track from a larger musical project or album. Without further context, it is difficult to determine the artist or genre associated with the title.', 'limit': 5, 'offset': 0, 'type': 'track', 'market': None} returned 400 due to Bad request.
2023-07-20 07:34:00,932 - ERROR - Error occurred while creating playlist for the video title 'Pictures Can Tell - 05 She Remembers': http status: 400, code:-1 - https://api.spotify.com/v1/search?q=The+title+%22Pictures+Can+Tell+-+05+She+Remembers%22+does+not+specifically+mention+an+artist+or+genre.+It+could+be+a+track+from+a+larger+musical+project+or+album.+Without+further+context%2C+it+is+difficult+to+determine+the+artist+or+genre+associated+with+the+title.&limit=5&offset=0&type=track:
 Bad request., reason: None
2023-07-20 07:34:51,793 - ERROR - Error occurred while creating playlist for the video title 'Frank Pahl - The Romantic Side Of Schizophrenia': HTTPSConnectionPool(host='api.spotify.com', port=443): Read timed out. (read timeout=5)
2023-07-20 07:35:33,441 - ERROR - HTTP Error for GET to https://api.spotify.com/v1/search with Params: {'q': 'I\'m sorry, but I couldn\'t find any specific information regarding the artist or genre mentioned in the title "Or Rathol Nok - Demo Cassette." It might be helpful to provide more context or background information to assist in identifying the artist or genre associated with this cassette.', 'limit': 5, 'offset': 0, 'type': 'track', 'market': None} returned 400 due to Bad request.
2023-07-20 07:35:33,441 - ERROR - Error occurred while creating playlist for the video title 'Or Rathol Nok - Demo Cassette': http status: 400, code:-1 - https://api.spotify.com/v1/search?q=I%27m+sorry%2C+but+I+couldn%27t+find+any+specific+information+regarding+the+artist+or+genre+mentioned+in+the+title+%22Or+Rathol+Nok+-+Demo+Cassette.%22+It+might+be+helpful+to+provide+more+context+or+background+information+to+assist+in+identifying+the+artist+or+genre+associated+with+this+cassette.&limit=5&offset=0&type=track:
 Bad request., reason: None
2023-07-20 07:35:47,885 - WARNING - Retrying (Retry(total=2, connect=None, read=False, redirect=None, status=3)) after connection broken by 'SSLError(SSLEOFError(8, 'EOF occurred in violation of protocol (_ssl.c:2426)'))': /v1/playlists/0fOlAkXH2Swu1YW4LNyO7d/images
2023-07-20 07:35:48,716 - WARNING - Retrying (Retry(total=1, connect=None, read=False, redirect=None, status=3)) after connection broken by 'SSLError(SSLEOFError(8, 'EOF occurred in violation of protocol (_ssl.c:2426)'))': /v1/playlists/0fOlAkXH2Swu1YW4LNyO7d/images
2023-07-20 07:35:50,127 - WARNING - Retrying (Retry(total=0, connect=None, read=False, redirect=None, status=3)) after connection broken by 'SSLError(SSLEOFError(8, 'EOF occurred in violation of protocol (_ssl.c:2426)'))': /v1/playlists/0fOlAkXH2Swu1YW4LNyO7d/images
2023-07-20 07:35:50,361 - ERROR - Error occurred while creating playlist for the video title 'A new iPhone for $65? Kate & Monique's Euro travel plans & free shower-heads | Money & Chill': HTTPSConnectionPool(host='api.spotify.com', port=443): Max retries exceeded with url: /v1/playlists/0fOlAkXH2Swu1YW4LNyO7d/images (Caused by SSLError(SSLEOFError(8, 'EOF occurred in violation of protocol (_ssl.c:2426)')))
2023-07-20 07:36:40,040 - ERROR - HTTP Error for GET to https://api.spotify.com/v1/search with Params: {'q': 'The artist or genre mentioned in the title "The Man I Fell In Love With - \'Never Ever Even\'" is not specified. It may be the title of a song or a book, but without further information, it is impossible to determine the artist or genre associated with it.', 'limit': 5, 'offset': 0, 'type': 'track', 'market': None} returned 400 due to Bad request.
2023-07-20 07:36:40,040 - ERROR - Error occurred while creating playlist for the video title 'The Man I Fell In Love With - "Never Ever Even"': http status: 400, code:-1 - https://api.spotify.com/v1/search?q=The+artist+or+genre+mentioned+in+the+title+%22The+Man+I+Fell+In+Love+With+-+%27Never+Ever+Even%27%22+is+not+specified.+It+may+be+the+title+of+a+song+or+a+book%2C+but+without+further+information%2C+it+is+impossible+to+determine+the+artist+or+genre+associated+with+it.&limit=5&offset=0&type=track:
 Bad request., reason: None
2023-07-20 07:37:06,007 - ERROR - Error occurred while creating playlist for the video title 'Dyktando - Vowels [Syntetyk]': ('Connection aborted.', RemoteDisconnected('Remote end closed connection without response'))
2023-07-20 07:37:16,580 - ERROR - HTTP Error for PUT to https://api.spotify.com/v1/playlists/0n1SJrL5ycD5Z9D5yYq77T/images with Params: {} returned 413 due to None
2023-07-20 07:37:16,580 - ERROR - Error occurred while uploading playlist image for the video title 'Saving rates up, lock in your fuel, FinFest & Monique’s homemade gifts [Money & Chill]': http status: 413, code:-1 - https://api.spotify.com/v1/playlists/0n1SJrL5ycD5Z9D5yYq77T/images:
 None, reason: None
2023-07-20 07:37:24,945 - ERROR - HTTP Error for PUT to https://api.spotify.com/v1/playlists/2EavrzM3ywwtcip9s78wMU/images with Params: {} returned 409 due to None
2023-07-20 07:37:24,960 - ERROR - Error occurred while uploading playlist image for the video title 'Twisted Fire Field (F-Zero + NL)': http status: 409, code:-1 - https://api.spotify.com/v1/playlists/2EavrzM3ywwtcip9s78wMU/images:
 None, reason: None
2023-07-20 07:37:27,611 - ERROR - HTTP Error for PUT to https://api.spotify.com/v1/playlists/36dV0I2CxyxSofcu9n39jr/images with Params: {} returned 413 due to None
2023-07-20 07:37:27,611 - ERROR - Error occurred while uploading playlist image for the video title 'Exhausted Modern - Plexiglass [Syntetyk]': http status: 413, code:-1 - https://api.spotify.com/v1/playlists/36dV0I2CxyxSofcu9n39jr/images:
 None, reason: None
2023-07-20 07:37:50,196 - WARNING - Retrying (Retry(total=2, connect=None, read=False, redirect=None, status=3)) after connection broken by 'SSLError(SSLEOFError(8, 'EOF occurred in violation of protocol (_ssl.c:2426)'))': /v1/playlists/4LN3MJUS2wtdkHxPTJR2r1/images
2023-07-20 07:37:51,021 - WARNING - Retrying (Retry(total=1, connect=None, read=False, redirect=None, status=3)) after connection broken by 'SSLError(SSLEOFError(8, 'EOF occurred in violation of protocol (_ssl.c:2426)'))': /v1/playlists/4LN3MJUS2wtdkHxPTJR2r1/images
2023-07-20 07:37:52,458 - WARNING - Retrying (Retry(total=0, connect=None, read=False, redirect=None, status=3)) after connection broken by 'SSLError(SSLEOFError(8, 'EOF occurred in violation of protocol (_ssl.c:2426)'))': /v1/playlists/4LN3MJUS2wtdkHxPTJR2r1/images
2023-07-20 07:37:52,661 - ERROR - Error occurred while creating playlist for the video title 'Retrograde Youth - Overused [Syntetyk]': HTTPSConnectionPool(host='api.spotify.com', port=443): Max retries exceeded with url: /v1/playlists/4LN3MJUS2wtdkHxPTJR2r1/images (Caused by SSLError(SSLEOFError(8, 'EOF occurred in violation of protocol (_ssl.c:2426)')))
2023-07-20 07:38:03,159 - WARNING - Retrying (Retry(total=2, connect=None, read=False, redirect=None, status=3)) after connection broken by 'SSLError(SSLEOFError(8, 'EOF occurred in violation of protocol (_ssl.c:2426)'))': /v1/playlists/0ErYHki9zFPtme1qhpBh7b/images
2023-07-20 07:38:03,983 - WARNING - Retrying (Retry(total=1, connect=None, read=False, redirect=None, status=3)) after connection broken by 'SSLError(SSLEOFError(8, 'EOF occurred in violation of protocol (_ssl.c:2426)'))': /v1/playlists/0ErYHki9zFPtme1qhpBh7b/images
2023-07-20 07:38:05,411 - WARNING - Retrying (Retry(total=0, connect=None, read=False, redirect=None, status=3)) after connection broken by 'SSLError(SSLEOFError(8, 'EOF occurred in violation of protocol (_ssl.c:2426)'))': /v1/playlists/0ErYHki9zFPtme1qhpBh7b/images
2023-07-20 07:38:05,630 - ERROR - Error occurred while creating playlist for the video title 'Stirring The Voodoo - Electro/Ambient Jam': HTTPSConnectionPool(host='api.spotify.com', port=443): Max retries exceeded with url: /v1/playlists/0ErYHki9zFPtme1qhpBh7b/images (Caused by SSLError(SSLEOFError(8, 'EOF occurred in violation of protocol (_ssl.c:2426)')))
2023-07-20 07:38:39,252 - WARNING - Retrying (Retry(total=2, connect=None, read=False, redirect=None, status=3)) after connection broken by 'SSLError(SSLEOFError(8, 'EOF occurred in violation of protocol (_ssl.c:2426)'))': /v1/playlists/6riIEWu0XAdQ9mbSYEgTXf/images
2023-07-20 07:38:40,082 - WARNING - Retrying (Retry(total=1, connect=None, read=False, redirect=None, status=3)) after connection broken by 'SSLError(SSLEOFError(8, 'EOF occurred in violation of protocol (_ssl.c:2426)'))': /v1/playlists/6riIEWu0XAdQ9mbSYEgTXf/images
2023-07-20 07:38:41,543 - WARNING - Retrying (Retry(total=0, connect=None, read=False, redirect=None, status=3)) after connection broken by 'SSLError(SSLEOFError(8, 'EOF occurred in violation of protocol (_ssl.c:2426)'))': /v1/playlists/6riIEWu0XAdQ9mbSYEgTXf/images
2023-07-20 07:38:41,762 - ERROR - Error occurred while creating playlist for the video title 'Ween (11/02/2017 Austin, TX @ Stubb’s BBQ) - Mutilated Lips': HTTPSConnectionPool(host='api.spotify.com', port=443): Max retries exceeded with url: /v1/playlists/6riIEWu0XAdQ9mbSYEgTXf/images (Caused by SSLError(SSLEOFError(8, 'EOF occurred in violation of protocol (_ssl.c:2426)')))
2023-07-20 07:38:48,311 - ERROR - HTTP Error for PUT to https://api.spotify.com/v1/playlists/4tCF7DI28iYbbOlTdIfkzv/images with Params: {} returned 413 due to None
2023-07-20 07:38:48,311 - ERROR - Error occurred while uploading playlist image for the video title 'Ween (11/02/2017 Austin, TX @ Stubb’s BBQ) - Transdermal Celebration': http status: 413, code:-1 - https://api.spotify.com/v1/playlists/4tCF7DI28iYbbOlTdIfkzv/images:
 None, reason: None
2023-07-20 07:39:05,117 - WARNING - Retrying (Retry(total=2, connect=None, read=False, redirect=None, status=3)) after connection broken by 'SSLError(SSLEOFError(8, 'EOF occurred in violation of protocol (_ssl.c:2426)'))': /v1/playlists/3VJoXlwbCf1eHodNoFrKQ6/images
2023-07-20 07:39:05,996 - WARNING - Retrying (Retry(total=1, connect=None, read=False, redirect=None, status=3)) after connection broken by 'SSLError(SSLEOFError(8, 'EOF occurred in violation of protocol (_ssl.c:2426)'))': /v1/playlists/3VJoXlwbCf1eHodNoFrKQ6/images
2023-07-20 07:39:07,407 - WARNING - Retrying (Retry(total=0, connect=None, read=False, redirect=None, status=3)) after connection broken by 'SSLError(SSLEOFError(8, 'EOF occurred in violation of protocol (_ssl.c:2426)'))': /v1/playlists/3VJoXlwbCf1eHodNoFrKQ6/images
2023-07-20 07:39:07,643 - ERROR - Error occurred while creating playlist for the video title 'Ween (11/02/2017 Austin, TX @ Stubb’s BBQ) - Don't Shit Where You Eat': HTTPSConnectionPool(host='api.spotify.com', port=443): Max retries exceeded with url: /v1/playlists/3VJoXlwbCf1eHodNoFrKQ6/images (Caused by SSLError(SSLEOFError(8, 'EOF occurred in violation of protocol (_ssl.c:2426)')))
2023-07-20 07:39:44,370 - ERROR - HTTP Error for PUT to https://api.spotify.com/v1/playlists/2YUVNStaTsFvikEGS11bK6/images with Params: {} returned 409 due to None
2023-07-20 07:39:44,370 - ERROR - Error occurred while uploading playlist image for the video title 'Ween (10/31/2017 Dallas, TX @ The Bomb Factory) - Don't Laugh (I Love You)': http status: 409, code:-1 - https://api.spotify.com/v1/playlists/2YUVNStaTsFvikEGS11bK6/images:
 None, reason: None
